This file contains any messages produced by compilers while
running ./compile.sh, to aid debugging if ./compile.sh makes a mistake.

./compile.sh: checking whether we are using GNU C
./compile.sh: cc -E conftest.c
./compile.sh: Checking for XFree86 VidMode support
./compile.sh: gcc -c  -I/usr/X11R6/include conftest.c 1>&5
conftest.c:5:2: error: #error Not supported under Mac OS X
./compile.sh: failed program was:
#include <X11/Xlib.h>
#include <X11/extensions/xf86vmode.h>

#if defined(__APPLE_CC__)
#error Not supported under Mac OS X
#endif

int main() {; return 0;}
./compile.sh: Checking for pthread support
./compile.sh: gcc -o conftest  -I/usr/X11R6/include  -L/usr/X11R6/lib conftest.c -lGL -lX11 -lpthread 1>&5
./compile.sh: Checking for glXGetProcAddress support
./compile.sh: gcc -o conftest  -I/usr/X11R6/include -D_GLFW_HAS_PTHREAD  -L/usr/X11R6/lib conftest.c -lGL -lX11 -lpthread 1>&5
conftest.c: In function 'main':
conftest.c:4: warning: pointer targets in passing argument 1 of 'glXGetProcAddress' differ in signedness
./compile.sh: gcc -o conftest  -I/usr/X11R6/include -D_GLFW_HAS_PTHREAD  -L/usr/X11R6/lib conftest.c -lGL -lX11 -lpthread 1>&5
./compile.sh: gcc -o conftest  -I/usr/X11R6/include -D_GLFW_HAS_PTHREAD  -L/usr/X11R6/lib conftest.c -lGL -lX11 -lpthread 1>&5
/usr/bin/ld: Undefined symbols:
_glXGetProcAddressEXT
collect2: ld returned 1 exit status
./compile.sh: failed program was:
#include <X11/Xlib.h>
#include <GL/glx.h>
#include <GL/gl.h>
int main() {void *ptr=(void*)glXGetProcAddressEXT("glFun"); return 0;}
./compile.sh: Checking for dlopen support
./compile.sh: gcc -o conftest  -I/usr/X11R6/include -D_GLFW_HAS_PTHREAD -D_GLFW_HAS_GLXGETPROCADDRESS -D_GLFW_HAS_GLXGETPROCADDRESSARB  -L/usr/X11R6/lib conftest.c -lGL -lX11 -lpthread 1>&5
./compile.sh: Checking for sysconf support
./compile.sh: gcc -o conftest  -I/usr/X11R6/include -D_GLFW_HAS_PTHREAD -D_GLFW_HAS_GLXGETPROCADDRESS -D_GLFW_HAS_GLXGETPROCADDRESSARB -D_GLFW_HAS_DLOPEN  -L/usr/X11R6/lib conftest.c -lGL -lX11 -lpthread 1>&5
conftest.c:4:2: error: #error Neither _SC_NPROCESSORS_ONLN nor _SC_NPROC_ONLN available
./compile.sh: failed program was:
#include <unistd.h>
#ifndef _SC_NPROCESSORS_ONLN
#ifndef _SC_NPROC_ONLN
#error Neither _SC_NPROCESSORS_ONLN nor _SC_NPROC_ONLN available
#endif
#endif
int main() {long x=sysconf(_SC_ARG_MAX); return 0; }
./compile.sh: Checking for sysctl support
./compile.sh: gcc -E conftest.c
./compile.sh: Creating ./lib/x11/Makefile.x11...
./compile.sh: Creating ./examples/Makefile.x11...
